# JRE version: Java(TM) SE Runtime Environment (8.0_92-b14) (build 1.8.0_92-b14)
# Java VM: Java HotSpot(TM) Server VM (25.92-b14 mixed mode linux-x86 )
Heap:
 PSYoungGen      total 166400K, used 74841K [0x91ac0000, 0x9ce40000, 0xa7000000)
  eden space 155392K, 48% used [0x91ac0000,0x963d6590,0x9b280000)
  from space 11008K, 0% used [0x9bf80000,0x9bf80000,0x9ca40000)
  to   space 13312K, 0% used [0x9b280000,0x9b280000,0x9bf80000)
 ParOldGen       total 72448K, used 43736K [0x67000000, 0x6b6c0000, 0x91ac0000)
  object space 72448K, 60% used [0x67000000,0x69ab61f8,0x6b6c0000)
 Metaspace       used 47185K, capacity 49697K, committed 49792K, reserved 50480K
GC Heap History (10 events):
Event: 8681,267 GC heap before
{Heap before GC invocations=92 (full 28):
 PSYoungGen      total 166144K, used 110147K [0x91ac0000, 0x9d340000, 0xa7000000)
  eden space 164352K, 67% used [0x91ac0000,0x98650ec8,0x9bb40000)
  from space 1792K, 0% used [0x9bb40000,0x9bb40000,0x9bd00000)
  to   space 12288K, 0% used [0x9c740000,0x9c740000,0x9d340000)
 ParOldGen       total 72448K, used 34955K [0x67000000, 0x6b6c0000, 0x91ac0000)
  object space 72448K, 48% used [0x67000000,0x69222cf0,0x6b6c0000)
 Metaspace       used 46401K, capacity 48717K, committed 49280K, reserved 49456K
Event: 8681,273 GC heap after
Heap after GC invocations=92 (full 28):
 PSYoungGen      total 175616K, used 1232K [0x91ac0000, 0x9d240000, 0xa7000000)
  eden space 164352K, 0% used [0x91ac0000,0x91ac0000,0x9bb40000)
  from space 11264K, 10% used [0x9c740000,0x9c874080,0x9d240000)
  to   space 11776K, 0% used [0x9bb40000,0x9bb40000,0x9c6c0000)
 ParOldGen       total 72448K, used 34959K [0x67000000, 0x6b6c0000, 0x91ac0000)
  object space 72448K, 48% used [0x67000000,0x69223cf0,0x6b6c0000)
 Metaspace       used 46401K, capacity 48717K, committed 49280K, reserved 49456K
}
Event: 8681,273 GC heap before
{Heap before GC invocations=93 (full 29):
 PSYoungGen      total 175616K, used 1232K [0x91ac0000, 0x9d240000, 0xa7000000)
  eden space 164352K, 0% used [0x91ac0000,0x91ac0000,0x9bb40000)
  from space 11264K, 10% used [0x9c740000,0x9c874080,0x9d240000)
  to   space 11776K, 0% used [0x9bb40000,0x9bb40000,0x9c6c0000)
 ParOldGen       total 72448K, used 34959K [0x67000000, 0x6b6c0000, 0x91ac0000)
  object space 72448K, 48% used [0x67000000,0x69223cf0,0x6b6c0000)
 Metaspace       used 46401K, capacity 48717K, committed 49280K, reserved 49456K
Event: 8681,568 GC heap after
Heap after GC invocations=93 (full 29):
 PSYoungGen      total 175616K, used 0K [0x91ac0000, 0x9d240000, 0xa7000000)
  eden space 164352K, 0% used [0x91ac0000,0x91ac0000,0x9bb40000)
  from space 11264K, 0% used [0x9c740000,0x9c740000,0x9d240000)
  to   space 11776K, 0% used [0x9bb40000,0x9bb40000,0x9c6c0000)
 ParOldGen       total 72448K, used 34655K [0x67000000, 0x6b6c0000, 0x91ac0000)
  object space 72448K, 47% used [0x67000000,0x691d7fe8,0x6b6c0000)
 Metaspace       used 46385K, capacity 48677K, committed 49280K, reserved 49456K
}
Event: 9211,303 GC heap before
{Heap before GC invocations=94 (full 29):
 PSYoungGen      total 175616K, used 164352K [0x91ac0000, 0x9d240000, 0xa7000000)
  eden space 164352K, 100% used [0x91ac0000,0x9bb40000,0x9bb40000)
  from space 11264K, 0% used [0x9c740000,0x9c740000,0x9d240000)
  to   space 11776K, 0% used [0x9bb40000,0x9bb40000,0x9c6c0000)
 ParOldGen       total 72448K, used 34655K [0x67000000, 0x6b6c0000, 0x91ac0000)
  object space 72448K, 47% used [0x67000000,0x691d7fe8,0x6b6c0000)
 Metaspace       used 46589K, capacity 49044K, committed 49408K, reserved 49456K
Event: 9211,316 GC heap after
Heap after GC invocations=94 (full 29):
 PSYoungGen      total 161536K, used 4162K [0x91ac0000, 0x9ca40000, 0xa7000000)
  eden space 157184K, 0% used [0x91ac0000,0x91ac0000,0x9b440000)
  from space 4352K, 95% used [0x9bb40000,0x9bf50b38,0x9bf80000)
  to   space 11008K, 0% used [0x9bf80000,0x9bf80000,0x9ca40000)
 ParOldGen       total 72448K, used 34659K [0x67000000, 0x6b6c0000, 0x91ac0000)
  object space 72448K, 47% used [0x67000000,0x691d8fe8,0x6b6c0000)
 Metaspace       used 46589K, capacity 49044K, committed 49408K, reserved 49456K
}
Event: 9218,725 GC heap before
{Heap before GC invocations=95 (full 29):
 PSYoungGen      total 161536K, used 103279K [0x91ac0000, 0x9ca40000, 0xa7000000)
  eden space 157184K, 63% used [0x91ac0000,0x97b8b1a8,0x9b440000)
  from space 4352K, 95% used [0x9bb40000,0x9bf50b38,0x9bf80000)
  to   space 11008K, 0% used [0x9bf80000,0x9bf80000,0x9ca40000)
 ParOldGen       total 72448K, used 34659K [0x67000000, 0x6b6c0000, 0x91ac0000)
  object space 72448K, 47% used [0x67000000,0x691d8fe8,0x6b6c0000)
 Metaspace       used 47191K, capacity 49735K, committed 49792K, reserved 50480K
Event: 9219,773 GC heap after
Heap after GC invocations=95 (full 29):
 PSYoungGen      total 166400K, used 11002K [0x91ac0000, 0x9ce40000, 0xa7000000)
  eden space 155392K, 0% used [0x91ac0000,0x91ac0000,0x9b280000)
  from space 11008K, 99% used [0x9bf80000,0x9ca3ea48,0x9ca40000)
  to   space 13312K, 0% used [0x9b280000,0x9b280000,0x9bf80000)
 ParOldGen       total 72448K, used 34808K [0x67000000, 0x6b6c0000, 0x91ac0000)
  object space 72448K, 48% used [0x67000000,0x691fe308,0x6b6c0000)
 Metaspace       used 47191K, capacity 49735K, committed 49792K, reserved 50480K
}
Event: 9219,773 GC heap before
{Heap before GC invocations=96 (full 30):
 PSYoungGen      total 166400K, used 11002K [0x91ac0000, 0x9ce40000, 0xa7000000)
  eden space 155392K, 0% used [0x91ac0000,0x91ac0000,0x9b280000)
  from space 11008K, 99% used [0x9bf80000,0x9ca3ea48,0x9ca40000)
  to   space 13312K, 0% used [0x9b280000,0x9b280000,0x9bf80000)
 ParOldGen       total 72448K, used 34808K [0x67000000, 0x6b6c0000, 0x91ac0000)
  object space 72448K, 48% used [0x67000000,0x691fe308,0x6b6c0000)
 Metaspace       used 47191K, capacity 49735K, committed 49792K, reserved 50480K
Event: 9220,189 GC heap after
Heap after GC invocations=96 (full 30):
 PSYoungGen      total 166400K, used 0K [0x91ac0000, 0x9ce40000, 0xa7000000)
  eden space 155392K, 0% used [0x91ac0000,0x91ac0000,0x9b280000)
  from space 11008K, 0% used [0x9bf80000,0x9bf80000,0x9ca40000)
  to   space 13312K, 0% used [0x9b280000,0x9b280000,0x9bf80000)
 ParOldGen       total 72448K, used 43736K [0x67000000, 0x6b6c0000, 0x91ac0000)
  object space 72448K, 60% used [0x67000000,0x69ab61f8,0x6b6c0000)
 Metaspace       used 47132K, capacity 49575K, committed 49792K, reserved 50480K
}

